2020-04-07 00:18:20,266 INFO o.a.j.u.JMeterUtils: Setting Locale to en_EN
2020-04-07 00:18:20,275 INFO o.a.j.JMeter: Loading user properties from: C:\jmeter\bin\user.properties
2020-04-07 00:18:20,275 INFO o.a.j.JMeter: Loading system properties from: C:\jmeter\bin\system.properties
2020-04-07 00:18:20,276 INFO o.a.j.JMeter: Copyright (c) 1998-2019 The Apache Software Foundation
2020-04-07 00:18:20,276 INFO o.a.j.JMeter: Version 5.2.1
2020-04-07 00:18:20,276 INFO o.a.j.JMeter: java.version=1.8.0_241
2020-04-07 00:18:20,276 INFO o.a.j.JMeter: java.vm.name=Java HotSpot(TM) Client VM
2020-04-07 00:18:20,276 INFO o.a.j.JMeter: os.name=Windows 10
2020-04-07 00:18:20,276 INFO o.a.j.JMeter: os.arch=x86
2020-04-07 00:18:20,277 INFO o.a.j.JMeter: os.version=10.0
2020-04-07 00:18:20,277 INFO o.a.j.JMeter: file.encoding=Cp1252
2020-04-07 00:18:20,277 INFO o.a.j.JMeter: java.awt.headless=true
2020-04-07 00:18:20,277 INFO o.a.j.JMeter: Max memory     =1073741824
2020-04-07 00:18:20,277 INFO o.a.j.JMeter: Available Processors =8
2020-04-07 00:18:20,279 INFO o.a.j.JMeter: Default Locale=English (EN)
2020-04-07 00:18:20,279 INFO o.a.j.JMeter: JMeter  Locale=English (EN)
2020-04-07 00:18:20,279 INFO o.a.j.JMeter: JMeterHome=C:\jmeter
2020-04-07 00:18:20,279 INFO o.a.j.JMeter: user.dir  =C:\Scripts_JMeter\Curso
2020-04-07 00:18:20,279 INFO o.a.j.JMeter: PWD       =C:\Scripts_JMeter\Curso
2020-04-07 00:18:20,281 INFO o.a.j.JMeter: IP: 192.168.0.21 Name: DESKTOP-RMIBBL9 FullName: host.docker.internal
2020-04-07 00:18:20,282 INFO o.a.j.JMeter: Setting property 'jmeter.reportgenerator.outputdir' to:'C:\Scripts_JMeter\Curso\nossaDash2'
2020-04-07 00:18:20,285 INFO o.a.j.s.FileServer: Default base='C:\Scripts_JMeter\Curso'
2020-04-07 00:18:20,285 INFO o.a.j.s.FileServer: Set new base='C:\Scripts_JMeter\Curso'
2020-04-07 00:18:20,377 INFO o.a.j.s.SaveService: Testplan (JMX) version: 2.2. Testlog (JTL) version: 2.2
2020-04-07 00:18:20,381 INFO o.a.j.s.SaveService: Using SaveService properties file encoding UTF-8
2020-04-07 00:18:20,383 INFO o.a.j.s.SaveService: Using SaveService properties version 5.0
2020-04-07 00:18:20,390 INFO o.a.j.s.SaveService: Loading file: Aula-10.jmx
2020-04-07 00:18:20,424 INFO o.a.j.p.h.s.HTTPSamplerBase: Parser for text/html is org.apache.jmeter.protocol.http.parser.LagartoBasedHtmlParser
2020-04-07 00:18:20,424 INFO o.a.j.p.h.s.HTTPSamplerBase: Parser for application/xhtml+xml is org.apache.jmeter.protocol.http.parser.LagartoBasedHtmlParser
2020-04-07 00:18:20,424 INFO o.a.j.p.h.s.HTTPSamplerBase: Parser for application/xml is org.apache.jmeter.protocol.http.parser.LagartoBasedHtmlParser
2020-04-07 00:18:20,427 INFO o.a.j.p.h.s.HTTPSamplerBase: Parser for text/xml is org.apache.jmeter.protocol.http.parser.LagartoBasedHtmlParser
2020-04-07 00:18:20,427 INFO o.a.j.p.h.s.HTTPSamplerBase: Parser for text/vnd.wap.wml is org.apache.jmeter.protocol.http.parser.RegexpHTMLParser
2020-04-07 00:18:20,427 INFO o.a.j.p.h.s.HTTPSamplerBase: Parser for text/css is org.apache.jmeter.protocol.http.parser.CssParser
2020-04-07 00:18:20,611 INFO o.a.j.JMeter: Creating summariser <summary>
2020-04-07 00:18:20,618 INFO o.a.j.r.d.ReportGenerator: ReportGenerator will use for Parsing the separator: ','
2020-04-07 00:18:20,618 INFO o.a.j.r.d.ReportGenerator: Will generate report at end of test from  results file: resultado.jtl
2020-04-07 00:18:20,618 INFO o.a.j.r.d.ReportGenerator: Reading report generator properties from: C:\jmeter\bin\reportgenerator.properties
2020-04-07 00:18:20,618 INFO o.a.j.r.d.ReportGenerator: Merging with JMeter properties
2020-04-07 00:18:20,622 INFO o.a.j.r.c.ReportGeneratorConfiguration: Property 'jmeter.reportgenerator.temp_dir' not found, using default value 'temp' instead.
2020-04-07 00:18:20,622 INFO o.a.j.r.c.ReportGeneratorConfiguration: Property 'jmeter.reportgenerator.apdex_per_transaction' not found, using default value 'null' instead.
2020-04-07 00:18:20,622 INFO o.a.j.r.c.ReportGeneratorConfiguration: apdex_per_transaction is empty, not APDEX per transaction customization
2020-04-07 00:18:20,622 INFO o.a.j.r.c.ReportGeneratorConfiguration: Property 'jmeter.reportgenerator.sample_filter' not found, using default value 'null' instead.
2020-04-07 00:18:20,622 INFO o.a.j.r.c.ReportGeneratorConfiguration: Property 'jmeter.reportgenerator.report_title' not found, using default value 'null' instead.
2020-04-07 00:18:20,622 INFO o.a.j.r.c.ReportGeneratorConfiguration: Property 'jmeter.reportgenerator.start_date' not found, using default value 'null' instead.
2020-04-07 00:18:20,622 INFO o.a.j.r.c.ReportGeneratorConfiguration: Property 'jmeter.reportgenerator.end_date' not found, using default value 'null' instead.
2020-04-07 00:18:20,622 INFO o.a.j.r.c.ReportGeneratorConfiguration: Property 'jmeter.reportgenerator.date_format' not found, using default value 'null' instead.
2020-04-07 00:18:20,622 INFO o.a.j.r.c.ReportGeneratorConfiguration: Will use date range start date: null, end date: null
2020-04-07 00:18:20,622 INFO o.a.j.r.c.ReportGeneratorConfiguration: Property 'jmeter.reportgenerator.graph.totalTPS.exclude_controllers' not found, using default value 'false' instead.
2020-04-07 00:18:20,622 INFO o.a.j.r.c.ReportGeneratorConfiguration: Property 'jmeter.reportgenerator.graph.activeThreadsOverTime.exclude_controllers' not found, using default value 'false' instead.
2020-04-07 00:18:20,622 INFO o.a.j.r.c.ReportGeneratorConfiguration: Property 'jmeter.reportgenerator.graph.timeVsThreads.exclude_controllers' not found, using default value 'false' instead.
2020-04-07 00:18:20,622 INFO o.a.j.r.c.ReportGeneratorConfiguration: Property 'jmeter.reportgenerator.graph.responseTimeDistribution.exclude_controllers' not found, using default value 'false' instead.
2020-04-07 00:18:20,622 INFO o.a.j.r.c.ReportGeneratorConfiguration: Property 'jmeter.reportgenerator.graph.transactionsPerSecond.exclude_controllers' not found, using default value 'false' instead.
2020-04-07 00:18:20,622 INFO o.a.j.r.c.ReportGeneratorConfiguration: Property 'jmeter.reportgenerator.graph.responseTimePercentiles.exclude_controllers' not found, using default value 'false' instead.
2020-04-07 00:18:20,622 INFO o.a.j.r.c.ReportGeneratorConfiguration: Property 'jmeter.reportgenerator.graph.responseTimePercentilesOverTime.exclude_controllers' not found, using default value 'false' instead.
2020-04-07 00:18:20,622 INFO o.a.j.r.c.ReportGeneratorConfiguration: Property 'jmeter.reportgenerator.graph.responseTimesOverTime.exclude_controllers' not found, using default value 'false' instead.
2020-04-07 00:18:20,622 INFO o.a.j.r.c.ReportGeneratorConfiguration: Property 'jmeter.reportgenerator.graph.connectTimeOverTime.exclude_controllers' not found, using default value 'false' instead.
2020-04-07 00:18:20,622 INFO o.a.j.r.c.ReportGeneratorConfiguration: Property 'jmeter.reportgenerator.graph.latenciesOverTime.exclude_controllers' not found, using default value 'false' instead.
2020-04-07 00:18:20,630 INFO o.a.j.r.c.ReportGeneratorConfiguration: Property 'jmeter.reportgenerator.exporter.json.filters_only_sample_series' not found, using default value 'true' instead.
2020-04-07 00:18:20,630 INFO o.a.j.r.c.ReportGeneratorConfiguration: Property 'jmeter.reportgenerator.exporter.json.series_filter' not found, using default value '' instead.
2020-04-07 00:18:20,630 INFO o.a.j.r.c.ReportGeneratorConfiguration: Property 'jmeter.reportgenerator.exporter.json.show_controllers_only' not found, using default value 'false' instead.
2020-04-07 00:18:20,630 INFO o.a.j.r.c.ReportGeneratorConfiguration: Property 'jmeter.reportgenerator.exporter.html.filters_only_sample_series' not found, using default value 'true' instead.
2020-04-07 00:18:20,630 INFO o.a.j.r.c.ReportGeneratorConfiguration: Property 'jmeter.reportgenerator.exporter.html.series_filter' not found, using default value '' instead.
2020-04-07 00:18:20,630 INFO o.a.j.r.c.ReportGeneratorConfiguration: Property 'jmeter.reportgenerator.exporter.html.show_controllers_only' not found, using default value 'false' instead.
2020-04-07 00:18:20,635 INFO o.a.j.e.StandardJMeterEngine: Running the test!
2020-04-07 00:18:20,635 INFO o.a.j.s.SampleEvent: List of sample_variables: []
2020-04-07 00:18:20,635 INFO o.a.j.s.SampleEvent: List of sample_variables: []
2020-04-07 00:18:20,639 INFO o.a.j.e.u.CompoundVariable: Note: Function class names must contain the string: '.functions.'
2020-04-07 00:18:20,639 INFO o.a.j.e.u.CompoundVariable: Note: Function class names must not contain the string: '.gui.'
2020-04-07 00:18:20,692 INFO o.a.j.JMeter: Running test (1586229500692)
2020-04-07 00:18:20,718 INFO o.a.j.e.StandardJMeterEngine: Starting ThreadGroup: 1 : Grupo de Usuários
2020-04-07 00:18:20,718 INFO o.a.j.e.StandardJMeterEngine: Starting 200 threads for group Grupo de Usuários.
2020-04-07 00:18:20,718 INFO o.a.j.e.StandardJMeterEngine: Thread will continue on error
2020-04-07 00:18:20,719 INFO o.a.j.t.ThreadGroup: Starting thread group... number=1 threads=200 ramp-up=1 delayedStart=false
2020-04-07 00:18:20,723 INFO o.a.j.t.JMeterThread: Thread started: Grupo de Usuários 1-1
2020-04-07 00:18:20,728 INFO o.a.j.t.JMeterThread: Thread started: Grupo de Usuários 1-2
2020-04-07 00:18:20,733 INFO o.a.j.t.JMeterThread: Thread started: Grupo de Usuários 1-3
2020-04-07 00:18:20,736 INFO o.a.j.t.JMeterThread: Thread started: Grupo de Usuários 1-4
2020-04-07 00:18:20,739 INFO o.a.j.p.h.s.HTTPHCAbstractImpl: Local host = DESKTOP-RMIBBL9
2020-04-07 00:18:20,741 INFO o.a.j.t.JMeterThread: Thread started: Grupo de Usuários 1-5
2020-04-07 00:18:20,744 INFO o.a.j.p.h.s.HTTPHC4Impl: HTTP request retry count = 0
2020-04-07 00:18:20,745 INFO o.a.j.t.JMeterThread: Thread started: Grupo de Usuários 1-6
2020-04-07 00:18:20,746 INFO o.a.j.s.SampleResult: Note: Sample TimeStamps are START times
2020-04-07 00:18:20,746 INFO o.a.j.s.SampleResult: sampleresult.default.encoding is set to ISO-8859-1
2020-04-07 00:18:20,746 INFO o.a.j.s.SampleResult: sampleresult.useNanoTime=true
2020-04-07 00:18:20,746 INFO o.a.j.s.SampleResult: sampleresult.nanoThreadSleep=5000
2020-04-07 00:18:20,752 INFO o.a.j.t.JMeterThread: Thread started: Grupo de Usuários 1-7
2020-04-07 00:18:20,755 INFO o.a.j.t.JMeterThread: Thread started: Grupo de Usuários 1-8
2020-04-07 00:18:20,759 INFO o.a.j.t.JMeterThread: Thread started: Grupo de Usuários 1-9
2020-04-07 00:18:20,764 INFO o.a.j.t.ThreadGroup: Started thread group number 1
2020-04-07 00:18:20,764 INFO o.a.j.e.StandardJMeterEngine: All thread groups have been started
2020-04-07 00:18:20,766 INFO o.a.j.t.JMeterThread: Thread started: Grupo de Usuários 1-10
2020-04-07 00:18:20,771 INFO o.a.j.t.JMeterThread: Thread started: Grupo de Usuários 1-11
2020-04-07 00:18:20,776 INFO o.a.j.t.JMeterThread: Thread started: Grupo de Usuários 1-12
2020-04-07 00:18:20,781 INFO o.a.j.t.JMeterThread: Thread started: Grupo de Usuários 1-13
2020-04-07 00:18:20,786 INFO o.a.j.t.JMeterThread: Thread started: Grupo de Usuários 1-14
2020-04-07 00:18:20,790 INFO o.a.j.t.JMeterThread: Thread started: Grupo de Usuários 1-15
2020-04-07 00:18:20,796 INFO o.a.j.t.JMeterThread: Thread started: Grupo de Usuários 1-16
2020-04-07 00:18:20,799 INFO o.a.j.t.JMeterThread: Thread started: Grupo de Usuários 1-17
2020-04-07 00:18:20,806 INFO o.a.j.t.JMeterThread: Thread started: Grupo de Usuários 1-18
2020-04-07 00:18:20,810 INFO o.a.j.t.JMeterThread: Thread started: Grupo de Usuários 1-19
2020-04-07 00:18:20,814 INFO o.a.j.t.JMeterThread: Thread started: Grupo de Usuários 1-20
2020-04-07 00:18:20,821 INFO o.a.j.t.JMeterThread: Thread started: Grupo de Usuários 1-21
2020-04-07 00:18:20,826 INFO o.a.j.t.JMeterThread: Thread started: Grupo de Usuários 1-22
2020-04-07 00:18:20,829 INFO o.a.j.t.JMeterThread: Thread started: Grupo de Usuários 1-23
2020-04-07 00:18:20,835 INFO o.a.j.t.JMeterThread: Thread started: Grupo de Usuários 1-24
2020-04-07 00:18:20,841 INFO o.a.j.t.JMeterThread: Thread started: Grupo de Usuários 1-25
2020-04-07 00:18:20,846 INFO o.a.j.t.JMeterThread: Thread started: Grupo de Usuários 1-26
2020-04-07 00:18:20,850 INFO o.a.j.t.JMeterThread: Thread started: Grupo de Usuários 1-27
2020-04-07 00:18:20,855 INFO o.a.j.t.JMeterThread: Thread started: Grupo de Usuários 1-28
2020-04-07 00:18:20,857 INFO o.a.j.p.h.s.h.LazyLayeredConnectionSocketFactory: Setting up HTTPS TrustAll Socket Factory
2020-04-07 00:18:20,861 INFO o.a.j.t.JMeterThread: Thread started: Grupo de Usuários 1-29
2020-04-07 00:18:20,866 INFO o.a.j.t.JMeterThread: Thread started: Grupo de Usuários 1-30
2020-04-07 00:18:20,870 INFO o.a.j.u.JsseSSLManager: Using default SSL protocol: TLS
2020-04-07 00:18:20,870 INFO o.a.j.u.JsseSSLManager: SSL session context: per-thread
2020-04-07 00:18:20,870 INFO o.a.j.t.JMeterThread: Thread started: Grupo de Usuários 1-31
2020-04-07 00:18:20,875 INFO o.a.j.t.JMeterThread: Thread started: Grupo de Usuários 1-32
2020-04-07 00:18:20,881 INFO o.a.j.t.JMeterThread: Thread started: Grupo de Usuários 1-33
2020-04-07 00:18:20,886 INFO o.a.j.t.JMeterThread: Thread started: Grupo de Usuários 1-34
2020-04-07 00:18:20,890 INFO o.a.j.t.JMeterThread: Thread started: Grupo de Usuários 1-35
2020-04-07 00:18:20,895 INFO o.a.j.t.JMeterThread: Thread started: Grupo de Usuários 1-36
2020-04-07 00:18:20,902 INFO o.a.j.t.JMeterThread: Thread started: Grupo de Usuários 1-37
2020-04-07 00:18:20,906 INFO o.a.j.t.JMeterThread: Thread started: Grupo de Usuários 1-38
2020-04-07 00:18:20,910 INFO o.a.j.t.JMeterThread: Thread started: Grupo de Usuários 1-39
2020-04-07 00:18:20,915 INFO o.a.j.t.JMeterThread: Thread started: Grupo de Usuários 1-40
2020-04-07 00:18:20,920 INFO o.a.j.t.JMeterThread: Thread started: Grupo de Usuários 1-41
2020-04-07 00:18:20,926 INFO o.a.j.t.JMeterThread: Thread started: Grupo de Usuários 1-42
2020-04-07 00:18:20,931 INFO o.a.j.t.JMeterThread: Thread started: Grupo de Usuários 1-43
2020-04-07 00:18:20,935 INFO o.a.j.t.JMeterThread: Thread started: Grupo de Usuários 1-44
2020-04-07 00:18:20,940 INFO o.a.j.t.JMeterThread: Thread started: Grupo de Usuários 1-45
2020-04-07 00:18:20,945 INFO o.a.j.t.JMeterThread: Thread started: Grupo de Usuários 1-46
2020-04-07 00:18:20,951 INFO o.a.j.t.JMeterThread: Thread started: Grupo de Usuários 1-47
2020-04-07 00:18:20,957 INFO o.a.j.t.JMeterThread: Thread started: Grupo de Usuários 1-48
2020-04-07 00:18:20,959 INFO o.a.j.t.JMeterThread: Thread started: Grupo de Usuários 1-49
2020-04-07 00:18:20,965 INFO o.a.j.t.JMeterThread: Thread started: Grupo de Usuários 1-50
2020-04-07 00:18:20,970 INFO o.a.j.t.JMeterThread: Thread started: Grupo de Usuários 1-51
2020-04-07 00:18:20,976 INFO o.a.j.t.JMeterThread: Thread started: Grupo de Usuários 1-52
2020-04-07 00:18:20,981 INFO o.a.j.t.JMeterThread: Thread started: Grupo de Usuários 1-53
2020-04-07 00:18:20,985 INFO o.a.j.t.JMeterThread: Thread started: Grupo de Usuários 1-54
2020-04-07 00:18:20,990 INFO o.a.j.t.JMeterThread: Thread started: Grupo de Usuários 1-55
2020-04-07 00:18:20,996 INFO o.a.j.t.JMeterThread: Thread started: Grupo de Usuários 1-56
2020-04-07 00:18:21,001 INFO o.a.j.t.JMeterThread: Thread started: Grupo de Usuários 1-57
2020-04-07 00:18:21,005 INFO o.a.j.t.JMeterThread: Thread started: Grupo de Usuários 1-58
2020-04-07 00:18:21,010 INFO o.a.j.t.JMeterThread: Thread started: Grupo de Usuários 1-59
2020-04-07 00:18:21,015 INFO o.a.j.t.JMeterThread: Thread started: Grupo de Usuários 1-60
2020-04-07 00:18:21,020 INFO o.a.j.t.JMeterThread: Thread started: Grupo de Usuários 1-61
2020-04-07 00:18:21,026 INFO o.a.j.t.JMeterThread: Thread started: Grupo de Usuários 1-62
2020-04-07 00:18:21,031 INFO o.a.j.t.JMeterThread: Thread started: Grupo de Usuários 1-63
2020-04-07 00:18:21,035 INFO o.a.j.t.JMeterThread: Thread started: Grupo de Usuários 1-64
2020-04-07 00:18:21,040 INFO o.a.j.t.JMeterThread: Thread started: Grupo de Usuários 1-65
2020-04-07 00:18:21,046 INFO o.a.j.t.JMeterThread: Thread started: Grupo de Usuários 1-66
2020-04-07 00:18:21,051 INFO o.a.j.t.JMeterThread: Thread started: Grupo de Usuários 1-67
2020-04-07 00:18:21,056 INFO o.a.j.t.JMeterThread: Thread started: Grupo de Usuários 1-68
2020-04-07 00:18:21,060 INFO o.a.j.t.JMeterThread: Thread started: Grupo de Usuários 1-69
2020-04-07 00:18:21,065 INFO o.a.j.t.JMeterThread: Thread started: Grupo de Usuários 1-70
2020-04-07 00:18:21,070 INFO o.a.j.t.JMeterThread: Thread started: Grupo de Usuários 1-71
2020-04-07 00:18:21,076 INFO o.a.j.t.JMeterThread: Thread started: Grupo de Usuários 1-72
2020-04-07 00:18:21,081 INFO o.a.j.t.JMeterThread: Thread started: Grupo de Usuários 1-73
2020-04-07 00:18:21,085 INFO o.a.j.t.JMeterThread: Thread started: Grupo de Usuários 1-74
2020-04-07 00:18:21,090 INFO o.a.j.t.JMeterThread: Thread started: Grupo de Usuários 1-75
2020-04-07 00:18:21,095 INFO o.a.j.t.JMeterThread: Thread started: Grupo de Usuários 1-76
2020-04-07 00:18:21,100 INFO o.a.j.t.JMeterThread: Thread started: Grupo de Usuários 1-77
2020-04-07 00:18:21,106 INFO o.a.j.t.JMeterThread: Thread started: Grupo de Usuários 1-78
2020-04-07 00:18:21,111 INFO o.a.j.t.JMeterThread: Thread started: Grupo de Usuários 1-79
2020-04-07 00:18:21,115 INFO o.a.j.t.JMeterThread: Thread started: Grupo de Usuários 1-80
2020-04-07 00:18:21,120 INFO o.a.j.t.JMeterThread: Thread started: Grupo de Usuários 1-81
2020-04-07 00:18:21,125 INFO o.a.j.t.JMeterThread: Thread started: Grupo de Usuários 1-82
2020-04-07 00:18:21,131 INFO o.a.j.t.JMeterThread: Thread started: Grupo de Usuários 1-83
2020-04-07 00:18:21,136 INFO o.a.j.t.JMeterThread: Thread started: Grupo de Usuários 1-84
2020-04-07 00:18:21,140 INFO o.a.j.t.JMeterThread: Thread started: Grupo de Usuários 1-85
2020-04-07 00:18:21,145 INFO o.a.j.t.JMeterThread: Thread started: Grupo de Usuários 1-86
2020-04-07 00:18:21,150 INFO o.a.j.t.JMeterThread: Thread started: Grupo de Usuários 1-87
2020-04-07 00:18:21,155 INFO o.a.j.t.JMeterThread: Thread started: Grupo de Usuários 1-88
2020-04-07 00:18:21,160 INFO o.a.j.t.JMeterThread: Thread started: Grupo de Usuários 1-89
2020-04-07 00:18:21,166 INFO o.a.j.t.JMeterThread: Thread started: Grupo de Usuários 1-90
2020-04-07 00:18:21,171 INFO o.a.j.t.JMeterThread: Thread started: Grupo de Usuários 1-91
2020-04-07 00:18:21,174 INFO o.a.j.t.JMeterThread: Thread started: Grupo de Usuários 1-92
2020-04-07 00:18:21,179 INFO o.a.j.t.JMeterThread: Thread started: Grupo de Usuários 1-93
2020-04-07 00:18:21,184 INFO o.a.j.t.JMeterThread: Thread started: Grupo de Usuários 1-94
2020-04-07 00:18:21,189 INFO o.a.j.t.JMeterThread: Thread started: Grupo de Usuários 1-95
2020-04-07 00:18:21,195 INFO o.a.j.t.JMeterThread: Thread started: Grupo de Usuários 1-96
2020-04-07 00:18:21,200 INFO o.a.j.t.JMeterThread: Thread started: Grupo de Usuários 1-97
2020-04-07 00:18:21,205 INFO o.a.j.t.JMeterThread: Thread started: Grupo de Usuários 1-98
2020-04-07 00:18:21,210 INFO o.a.j.t.JMeterThread: Thread started: Grupo de Usuários 1-99
2020-04-07 00:18:21,214 INFO o.a.j.u.SSLManager: JmeterKeyStore Location:  type JKS
2020-04-07 00:18:21,215 INFO o.a.j.t.JMeterThread: Thread started: Grupo de Usuários 1-100
2020-04-07 00:18:21,215 INFO o.a.j.u.SSLManager: KeyStore created OK
2020-04-07 00:18:21,216 WARN o.a.j.u.SSLManager: Keystore file not found, loading empty keystore
2020-04-07 00:18:21,220 INFO o.a.j.t.JMeterThread: Thread started: Grupo de Usuários 1-101
2020-04-07 00:18:21,225 INFO o.a.j.t.JMeterThread: Thread started: Grupo de Usuários 1-102
2020-04-07 00:18:21,230 INFO o.a.j.t.JMeterThread: Thread started: Grupo de Usuários 1-103
2020-04-07 00:18:21,236 INFO o.a.j.t.JMeterThread: Thread started: Grupo de Usuários 1-104
2020-04-07 00:18:21,240 INFO o.a.j.t.JMeterThread: Thread started: Grupo de Usuários 1-105
2020-04-07 00:18:21,245 INFO o.a.j.t.JMeterThread: Thread started: Grupo de Usuários 1-106
2020-04-07 00:18:21,250 INFO o.a.j.t.JMeterThread: Thread started: Grupo de Usuários 1-107
2020-04-07 00:18:21,255 INFO o.a.j.t.JMeterThread: Thread started: Grupo de Usuários 1-108
2020-04-07 00:18:21,261 INFO o.a.j.t.JMeterThread: Thread started: Grupo de Usuários 1-109
2020-04-07 00:18:21,266 INFO o.a.j.t.JMeterThread: Thread started: Grupo de Usuários 1-110
2020-04-07 00:18:21,270 INFO o.a.j.t.JMeterThread: Thread started: Grupo de Usuários 1-111
2020-04-07 00:18:21,280 INFO o.a.j.t.JMeterThread: Thread started: Grupo de Usuários 1-113
2020-04-07 00:18:21,283 INFO o.a.j.t.JMeterThread: Thread started: Grupo de Usuários 1-112
2020-04-07 00:18:21,289 INFO o.a.j.t.JMeterThread: Thread started: Grupo de Usuários 1-114
2020-04-07 00:18:21,293 INFO o.a.j.t.JMeterThread: Thread started: Grupo de Usuários 1-115
2020-04-07 00:18:21,295 INFO o.a.j.t.JMeterThread: Thread started: Grupo de Usuários 1-116
2020-04-07 00:18:21,299 INFO o.a.j.t.JMeterThread: Thread started: Grupo de Usuários 1-117
2020-04-07 00:18:21,304 INFO o.a.j.t.JMeterThread: Thread started: Grupo de Usuários 1-118
2020-04-07 00:18:21,310 INFO o.a.j.t.JMeterThread: Thread started: Grupo de Usuários 1-119
2020-04-07 00:18:21,315 INFO o.a.j.t.JMeterThread: Thread started: Grupo de Usuários 1-120
2020-04-07 00:18:21,320 INFO o.a.j.t.JMeterThread: Thread started: Grupo de Usuários 1-121
2020-04-07 00:18:21,329 INFO o.a.j.t.JMeterThread: Thread started: Grupo de Usuários 1-122
2020-04-07 00:18:21,333 INFO o.a.j.t.JMeterThread: Thread started: Grupo de Usuários 1-123
2020-04-07 00:18:21,339 INFO o.a.j.t.JMeterThread: Thread started: Grupo de Usuários 1-124
2020-04-07 00:18:21,340 INFO o.a.j.t.JMeterThread: Thread started: Grupo de Usuários 1-125
2020-04-07 00:18:21,345 INFO o.a.j.t.JMeterThread: Thread started: Grupo de Usuários 1-126
2020-04-07 00:18:21,499 INFO o.a.j.t.JMeterThread: Thread started: Grupo de Usuários 1-156
2020-04-07 00:18:21,499 INFO o.a.j.t.JMeterThread: Thread started: Grupo de Usuários 1-155
2020-04-07 00:18:21,500 INFO o.a.j.t.JMeterThread: Thread started: Grupo de Usuários 1-153
2020-04-07 00:18:21,500 INFO o.a.j.t.JMeterThread: Thread started: Grupo de Usuários 1-152
2020-04-07 00:18:21,500 INFO o.a.j.t.JMeterThread: Thread started: Grupo de Usuários 1-149
2020-04-07 00:18:21,500 INFO o.a.j.t.JMeterThread: Thread started: Grupo de Usuários 1-148
2020-04-07 00:18:21,500 INFO o.a.j.t.JMeterThread: Thread started: Grupo de Usuários 1-144
2020-04-07 00:18:21,500 INFO o.a.j.t.JMeterThread: Thread started: Grupo de Usuários 1-145
2020-04-07 00:18:21,500 INFO o.a.j.t.JMeterThread: Thread started: Grupo de Usuários 1-141
2020-04-07 00:18:21,500 INFO o.a.j.t.JMeterThread: Thread started: Grupo de Usuários 1-140
2020-04-07 00:18:21,501 INFO o.a.j.t.JMeterThread: Thread started: Grupo de Usuários 1-137
2020-04-07 00:18:21,501 INFO o.a.j.t.JMeterThread: Thread started: Grupo de Usuários 1-154
2020-04-07 00:18:21,501 INFO o.a.j.t.JMeterThread: Thread started: Grupo de Usuários 1-136
2020-04-07 00:18:21,501 INFO o.a.j.t.JMeterThread: Thread started: Grupo de Usuários 1-133
2020-04-07 00:18:21,501 INFO o.a.j.t.JMeterThread: Thread started: Grupo de Usuários 1-132
2020-04-07 00:18:21,502 INFO o.a.j.t.JMeterThread: Thread started: Grupo de Usuários 1-157
2020-04-07 00:18:21,502 INFO o.a.j.t.JMeterThread: Thread started: Grupo de Usuários 1-129
2020-04-07 00:18:21,503 INFO o.a.j.t.JMeterThread: Thread started: Grupo de Usuários 1-128
2020-04-07 00:18:21,504 INFO o.a.j.t.JMeterThread: Thread started: Grupo de Usuários 1-151
2020-04-07 00:18:21,505 INFO o.a.j.t.JMeterThread: Thread started: Grupo de Usuários 1-150
2020-04-07 00:18:21,505 INFO o.a.j.t.JMeterThread: Thread started: Grupo de Usuários 1-147
2020-04-07 00:18:21,506 INFO o.a.j.t.JMeterThread: Thread started: Grupo de Usuários 1-146
2020-04-07 00:18:21,506 INFO o.a.j.t.JMeterThread: Thread started: Grupo de Usuários 1-143
2020-04-07 00:18:21,506 INFO o.a.j.t.JMeterThread: Thread started: Grupo de Usuários 1-142
2020-04-07 00:18:21,506 INFO o.a.j.t.JMeterThread: Thread started: Grupo de Usuários 1-139
2020-04-07 00:18:21,507 INFO o.a.j.t.JMeterThread: Thread started: Grupo de Usuários 1-138
2020-04-07 00:18:21,507 INFO o.a.j.t.JMeterThread: Thread started: Grupo de Usuários 1-135
2020-04-07 00:18:21,507 INFO o.a.j.t.JMeterThread: Thread started: Grupo de Usuários 1-134
2020-04-07 00:18:21,507 INFO o.a.j.t.JMeterThread: Thread started: Grupo de Usuários 1-158
2020-04-07 00:18:21,508 INFO o.a.j.t.JMeterThread: Thread started: Grupo de Usuários 1-131
2020-04-07 00:18:21,514 INFO o.a.j.t.JMeterThread: Thread started: Grupo de Usuários 1-130
2020-04-07 00:18:21,514 INFO o.a.j.t.JMeterThread: Thread started: Grupo de Usuários 1-127
2020-04-07 00:18:21,549 INFO o.a.j.t.JMeterThread: Thread started: Grupo de Usuários 1-159
2020-04-07 00:18:21,549 INFO o.a.j.t.JMeterThread: Thread started: Grupo de Usuários 1-162
2020-04-07 00:18:21,549 INFO o.a.j.t.JMeterThread: Thread started: Grupo de Usuários 1-163
2020-04-07 00:18:21,550 INFO o.a.j.t.JMeterThread: Thread started: Grupo de Usuários 1-166
2020-04-07 00:18:21,567 INFO o.a.j.t.JMeterThread: Thread started: Grupo de Usuários 1-167
2020-04-07 00:18:21,567 INFO o.a.j.t.JMeterThread: Thread started: Grupo de Usuários 1-170
2020-04-07 00:18:21,571 INFO o.a.j.t.JMeterThread: Thread started: Grupo de Usuários 1-171
2020-04-07 00:18:21,586 INFO o.a.j.t.JMeterThread: Thread started: Grupo de Usuários 1-174
2020-04-07 00:18:21,621 INFO o.a.j.t.JMeterThread: Thread started: Grupo de Usuários 1-175
2020-04-07 00:18:21,622 INFO o.a.j.t.JMeterThread: Thread started: Grupo de Usuários 1-178
2020-04-07 00:18:21,623 INFO o.a.j.t.JMeterThread: Thread started: Grupo de Usuários 1-179
2020-04-07 00:18:21,625 INFO o.a.j.t.JMeterThread: Thread started: Grupo de Usuários 1-182
2020-04-07 00:18:21,663 INFO o.a.j.t.JMeterThread: Thread started: Grupo de Usuários 1-183
2020-04-07 00:18:21,663 INFO o.a.j.t.JMeterThread: Thread started: Grupo de Usuários 1-186
2020-04-07 00:18:21,664 INFO o.a.j.t.JMeterThread: Thread started: Grupo de Usuários 1-187
2020-04-07 00:18:21,665 INFO o.a.j.t.JMeterThread: Thread started: Grupo de Usuários 1-190
2020-04-07 00:18:21,675 INFO o.a.j.t.JMeterThread: Thread started: Grupo de Usuários 1-160
2020-04-07 00:18:21,676 INFO o.a.j.t.JMeterThread: Thread started: Grupo de Usuários 1-161
2020-04-07 00:18:21,677 INFO o.a.j.t.JMeterThread: Thread started: Grupo de Usuários 1-164
2020-04-07 00:18:21,678 INFO o.a.j.t.JMeterThread: Thread started: Grupo de Usuários 1-165
2020-04-07 00:18:21,679 INFO o.a.j.t.JMeterThread: Thread started: Grupo de Usuários 1-169
2020-04-07 00:18:21,679 INFO o.a.j.t.JMeterThread: Thread started: Grupo de Usuários 1-168
2020-04-07 00:18:21,679 INFO o.a.j.t.JMeterThread: Thread started: Grupo de Usuários 1-172
2020-04-07 00:18:21,680 INFO o.a.j.t.JMeterThread: Thread started: Grupo de Usuários 1-173
2020-04-07 00:18:21,680 INFO o.a.j.t.JMeterThread: Thread started: Grupo de Usuários 1-176
2020-04-07 00:18:21,680 INFO o.a.j.t.JMeterThread: Thread started: Grupo de Usuários 1-177
2020-04-07 00:18:21,680 INFO o.a.j.t.JMeterThread: Thread started: Grupo de Usuários 1-180
2020-04-07 00:18:21,681 INFO o.a.j.t.JMeterThread: Thread started: Grupo de Usuários 1-181
2020-04-07 00:18:21,681 INFO o.a.j.t.JMeterThread: Thread started: Grupo de Usuários 1-184
2020-04-07 00:18:21,681 INFO o.a.j.t.JMeterThread: Thread started: Grupo de Usuários 1-185
2020-04-07 00:18:21,681 INFO o.a.j.t.JMeterThread: Thread started: Grupo de Usuários 1-188
2020-04-07 00:18:21,682 INFO o.a.j.t.JMeterThread: Thread started: Grupo de Usuários 1-189
2020-04-07 00:18:21,682 INFO o.a.j.t.JMeterThread: Thread started: Grupo de Usuários 1-192
2020-04-07 00:18:21,682 INFO o.a.j.t.JMeterThread: Thread started: Grupo de Usuários 1-193
2020-04-07 00:18:21,712 INFO o.a.j.t.JMeterThread: Thread started: Grupo de Usuários 1-197
2020-04-07 00:18:21,721 INFO o.a.j.t.JMeterThread: Thread started: Grupo de Usuários 1-200
2020-04-07 00:18:21,723 INFO o.a.j.t.JMeterThread: Thread started: Grupo de Usuários 1-198
2020-04-07 00:18:21,723 INFO o.a.j.t.JMeterThread: Thread started: Grupo de Usuários 1-196
2020-04-07 00:18:21,723 INFO o.a.j.t.JMeterThread: Thread started: Grupo de Usuários 1-195
2020-04-07 00:18:21,730 INFO o.a.j.t.JMeterThread: Thread started: Grupo de Usuários 1-194
2020-04-07 00:18:21,734 INFO o.a.j.t.JMeterThread: Thread started: Grupo de Usuários 1-191
2020-04-07 00:18:21,738 INFO o.a.j.t.JMeterThread: Thread started: Grupo de Usuários 1-199
2020-04-07 00:18:23,412 INFO o.a.j.t.JMeterThread: Thread is done: Grupo de Usuários 1-20
2020-04-07 00:18:23,412 INFO o.a.j.t.JMeterThread: Thread finished: Grupo de Usuários 1-20
2020-04-07 00:18:23,422 INFO o.a.j.t.JMeterThread: Thread is done: Grupo de Usuários 1-154
2020-04-07 00:18:23,422 INFO o.a.j.t.JMeterThread: Thread finished: Grupo de Usuários 1-154
2020-04-07 00:18:23,422 INFO o.a.j.t.JMeterThread: Thread is done: Grupo de Usuários 1-48
2020-04-07 00:18:23,422 INFO o.a.j.t.JMeterThread: Thread is done: Grupo de Usuários 1-7
2020-04-07 00:18:23,422 INFO o.a.j.t.JMeterThread: Thread finished: Grupo de Usuários 1-48
2020-04-07 00:18:23,422 INFO o.a.j.t.JMeterThread: Thread finished: Grupo de Usuários 1-7
2020-04-07 00:18:23,623 INFO o.a.j.t.JMeterThread: Thread is done: Grupo de Usuários 1-122
2020-04-07 00:18:23,623 INFO o.a.j.t.JMeterThread: Thread is done: Grupo de Usuários 1-123
2020-04-07 00:18:23,623 INFO o.a.j.t.JMeterThread: Thread finished: Grupo de Usuários 1-122
2020-04-07 00:18:23,623 INFO o.a.j.t.JMeterThread: Thread finished: Grupo de Usuários 1-123
2020-04-07 00:18:23,740 INFO o.a.j.t.JMeterThread: Thread is done: Grupo de Usuários 1-52
2020-04-07 00:18:23,740 INFO o.a.j.t.JMeterThread: Thread finished: Grupo de Usuários 1-52
2020-04-07 00:18:23,812 INFO o.a.j.t.JMeterThread: Thread is done: Grupo de Usuários 1-118
2020-04-07 00:18:23,812 INFO o.a.j.t.JMeterThread: Thread finished: Grupo de Usuários 1-118
2020-04-07 00:18:23,950 INFO o.a.j.t.JMeterThread: Thread is done: Grupo de Usuários 1-100
2020-04-07 00:18:23,950 INFO o.a.j.t.JMeterThread: Thread finished: Grupo de Usuários 1-100
2020-04-07 00:18:24,377 INFO o.a.j.t.JMeterThread: Thread is done: Grupo de Usuários 1-43
2020-04-07 00:18:24,377 INFO o.a.j.t.JMeterThread: Thread finished: Grupo de Usuários 1-43
2020-04-07 00:18:24,381 INFO o.a.j.t.JMeterThread: Thread is done: Grupo de Usuários 1-1
2020-04-07 00:18:24,381 INFO o.a.j.t.JMeterThread: Thread finished: Grupo de Usuários 1-1
2020-04-07 00:18:24,382 INFO o.a.j.t.JMeterThread: Thread is done: Grupo de Usuários 1-75
2020-04-07 00:18:24,382 INFO o.a.j.t.JMeterThread: Thread finished: Grupo de Usuários 1-75
2020-04-07 00:18:24,383 INFO o.a.j.t.JMeterThread: Thread is done: Grupo de Usuários 1-128
2020-04-07 00:18:24,383 INFO o.a.j.t.JMeterThread: Thread finished: Grupo de Usuários 1-128
2020-04-07 00:18:24,384 INFO o.a.j.t.JMeterThread: Thread is done: Grupo de Usuários 1-85
2020-04-07 00:18:24,384 INFO o.a.j.t.JMeterThread: Thread finished: Grupo de Usuários 1-85
2020-04-07 00:18:24,395 INFO o.a.j.t.JMeterThread: Thread is done: Grupo de Usuários 1-42
2020-04-07 00:18:24,395 INFO o.a.j.t.JMeterThread: Thread finished: Grupo de Usuários 1-42
2020-04-07 00:18:24,404 INFO o.a.j.t.JMeterThread: Thread is done: Grupo de Usuários 1-125
2020-04-07 00:18:24,404 INFO o.a.j.t.JMeterThread: Thread finished: Grupo de Usuários 1-125
2020-04-07 00:18:24,422 INFO o.a.j.t.JMeterThread: Thread is done: Grupo de Usuários 1-41
2020-04-07 00:18:24,422 INFO o.a.j.t.JMeterThread: Thread finished: Grupo de Usuários 1-41
2020-04-07 00:18:24,423 INFO o.a.j.t.JMeterThread: Thread is done: Grupo de Usuários 1-50
2020-04-07 00:18:24,423 INFO o.a.j.t.JMeterThread: Thread finished: Grupo de Usuários 1-50
2020-04-07 00:18:24,424 INFO o.a.j.t.JMeterThread: Thread is done: Grupo de Usuários 1-63
2020-04-07 00:18:24,424 INFO o.a.j.t.JMeterThread: Thread finished: Grupo de Usuários 1-63
2020-04-07 00:18:24,431 INFO o.a.j.t.JMeterThread: Thread is done: Grupo de Usuários 1-98
2020-04-07 00:18:24,431 INFO o.a.j.t.JMeterThread: Thread finished: Grupo de Usuários 1-98
2020-04-07 00:18:24,441 INFO o.a.j.t.JMeterThread: Thread is done: Grupo de Usuários 1-51
2020-04-07 00:18:24,441 INFO o.a.j.t.JMeterThread: Thread finished: Grupo de Usuários 1-51
2020-04-07 00:18:24,450 INFO o.a.j.t.JMeterThread: Thread is done: Grupo de Usuários 1-77
2020-04-07 00:18:24,451 INFO o.a.j.t.JMeterThread: Thread finished: Grupo de Usuários 1-77
2020-04-07 00:18:24,458 INFO o.a.j.t.JMeterThread: Thread is done: Grupo de Usuários 1-73
2020-04-07 00:18:24,458 INFO o.a.j.t.JMeterThread: Thread finished: Grupo de Usuários 1-73
2020-04-07 00:18:24,513 INFO o.a.j.t.JMeterThread: Thread is done: Grupo de Usuários 1-38
2020-04-07 00:18:24,513 INFO o.a.j.t.JMeterThread: Thread finished: Grupo de Usuários 1-38
2020-04-07 00:18:24,513 INFO o.a.j.t.JMeterThread: Thread is done: Grupo de Usuários 1-26
2020-04-07 00:18:24,513 INFO o.a.j.t.JMeterThread: Thread finished: Grupo de Usuários 1-26
2020-04-07 00:18:24,513 INFO o.a.j.t.JMeterThread: Thread is done: Grupo de Usuários 1-65
2020-04-07 00:18:24,513 INFO o.a.j.t.JMeterThread: Thread finished: Grupo de Usuários 1-65
2020-04-07 00:18:24,561 INFO o.a.j.t.JMeterThread: Thread is done: Grupo de Usuários 1-107
2020-04-07 00:18:24,561 INFO o.a.j.t.JMeterThread: Thread finished: Grupo de Usuários 1-107
2020-04-07 00:18:24,561 INFO o.a.j.t.JMeterThread: Thread is done: Grupo de Usuários 1-164
2020-04-07 00:18:24,561 INFO o.a.j.t.JMeterThread: Thread finished: Grupo de Usuários 1-164
2020-04-07 00:18:24,603 INFO o.a.j.t.JMeterThread: Thread is done: Grupo de Usuários 1-126
2020-04-07 00:18:24,603 INFO o.a.j.t.JMeterThread: Thread finished: Grupo de Usuários 1-126
2020-04-07 00:18:24,611 INFO o.a.j.t.JMeterThread: Thread is done: Grupo de Usuários 1-71
2020-04-07 00:18:24,611 INFO o.a.j.t.JMeterThread: Thread finished: Grupo de Usuários 1-71
2020-04-07 00:18:24,633 INFO o.a.j.t.JMeterThread: Thread is done: Grupo de Usuários 1-84
2020-04-07 00:18:24,639 INFO o.a.j.t.JMeterThread: Thread finished: Grupo de Usuários 1-84
2020-04-07 00:18:24,641 INFO o.a.j.t.JMeterThread: Thread is done: Grupo de Usuários 1-44
2020-04-07 00:18:24,641 INFO o.a.j.t.JMeterThread: Thread is done: Grupo de Usuários 1-155
2020-04-07 00:18:24,641 INFO o.a.j.t.JMeterThread: Thread finished: Grupo de Usuários 1-44
2020-04-07 00:18:24,641 INFO o.a.j.t.JMeterThread: Thread finished: Grupo de Usuários 1-155
2020-04-07 00:18:24,644 INFO o.a.j.t.JMeterThread: Thread is done: Grupo de Usuários 1-149
2020-04-07 00:18:24,644 INFO o.a.j.t.JMeterThread: Thread finished: Grupo de Usuários 1-149
2020-04-07 00:18:24,647 INFO o.a.j.t.JMeterThread: Thread is done: Grupo de Usuários 1-39
2020-04-07 00:18:24,647 INFO o.a.j.t.JMeterThread: Thread finished: Grupo de Usuários 1-39
2020-04-07 00:18:24,652 INFO o.a.j.t.JMeterThread: Thread is done: Grupo de Usuários 1-70
2020-04-07 00:18:24,652 INFO o.a.j.t.JMeterThread: Thread finished: Grupo de Usuários 1-70
2020-04-07 00:18:24,652 INFO o.a.j.t.JMeterThread: Thread is done: Grupo de Usuários 1-145
2020-04-07 00:18:24,652 INFO o.a.j.t.JMeterThread: Thread finished: Grupo de Usuários 1-145
2020-04-07 00:18:24,668 INFO o.a.j.t.JMeterThread: Thread is done: Grupo de Usuários 1-15
2020-04-07 00:18:24,668 INFO o.a.j.t.JMeterThread: Thread finished: Grupo de Usuários 1-15
2020-04-07 00:18:24,670 INFO o.a.j.t.JMeterThread: Thread is done: Grupo de Usuários 1-10
2020-04-07 00:18:24,670 INFO o.a.j.t.JMeterThread: Thread finished: Grupo de Usuários 1-10
2020-04-07 00:18:24,670 INFO o.a.j.t.JMeterThread: Thread is done: Grupo de Usuários 1-30
2020-04-07 00:18:24,670 INFO o.a.j.t.JMeterThread: Thread finished: Grupo de Usuários 1-30
2020-04-07 00:18:24,679 INFO o.a.j.t.JMeterThread: Thread is done: Grupo de Usuários 1-96
2020-04-07 00:18:24,679 INFO o.a.j.t.JMeterThread: Thread finished: Grupo de Usuários 1-96
2020-04-07 00:18:24,696 INFO o.a.j.t.JMeterThread: Thread is done: Grupo de Usuários 1-136
2020-04-07 00:18:24,696 INFO o.a.j.t.JMeterThread: Thread finished: Grupo de Usuários 1-136
2020-04-07 00:18:24,721 INFO o.a.j.t.JMeterThread: Thread is done: Grupo de Usuários 1-124
2020-04-07 00:18:24,721 INFO o.a.j.t.JMeterThread: Thread finished: Grupo de Usuários 1-124
2020-04-07 00:18:24,722 INFO o.a.j.t.JMeterThread: Thread is done: Grupo de Usuários 1-45
2020-04-07 00:18:24,722 INFO o.a.j.t.JMeterThread: Thread finished: Grupo de Usuários 1-45
2020-04-07 00:18:24,724 INFO o.a.j.t.JMeterThread: Thread is done: Grupo de Usuários 1-8
2020-04-07 00:18:24,724 INFO o.a.j.t.JMeterThread: Thread finished: Grupo de Usuários 1-8
2020-04-07 00:18:24,742 INFO o.a.j.t.JMeterThread: Thread is done: Grupo de Usuários 1-94
2020-04-07 00:18:24,742 INFO o.a.j.t.JMeterThread: Thread finished: Grupo de Usuários 1-94
2020-04-07 00:18:24,749 INFO o.a.j.t.JMeterThread: Thread is done: Grupo de Usuários 1-55
2020-04-07 00:18:24,749 INFO o.a.j.t.JMeterThread: Thread is done: Grupo de Usuários 1-4
2020-04-07 00:18:24,749 INFO o.a.j.t.JMeterThread: Thread finished: Grupo de Usuários 1-55
2020-04-07 00:18:24,755 INFO o.a.j.t.JMeterThread: Thread finished: Grupo de Usuários 1-4
2020-04-07 00:18:24,755 INFO o.a.j.t.JMeterThread: Thread is done: Grupo de Usuários 1-29
2020-04-07 00:18:24,755 INFO o.a.j.t.JMeterThread: Thread finished: Grupo de Usuários 1-29
2020-04-07 00:18:24,770 INFO o.a.j.t.JMeterThread: Thread is done: Grupo de Usuários 1-34
2020-04-07 00:18:24,770 INFO o.a.j.t.JMeterThread: Thread finished: Grupo de Usuários 1-34
2020-04-07 00:18:24,779 INFO o.a.j.t.JMeterThread: Thread is done: Grupo de Usuários 1-9
2020-04-07 00:18:24,779 INFO o.a.j.t.JMeterThread: Thread finished: Grupo de Usuários 1-9
2020-04-07 00:18:24,784 INFO o.a.j.t.JMeterThread: Thread is done: Grupo de Usuários 1-102
2020-04-07 00:18:24,784 INFO o.a.j.t.JMeterThread: Thread finished: Grupo de Usuários 1-102
2020-04-07 00:18:24,805 INFO o.a.j.t.JMeterThread: Thread is done: Grupo de Usuários 1-76
2020-04-07 00:18:24,805 INFO o.a.j.t.JMeterThread: Thread finished: Grupo de Usuários 1-76
2020-04-07 00:18:24,808 INFO o.a.j.t.JMeterThread: Thread is done: Grupo de Usuários 1-87
2020-04-07 00:18:24,809 INFO o.a.j.t.JMeterThread: Thread finished: Grupo de Usuários 1-87
2020-04-07 00:18:24,826 INFO o.a.j.t.JMeterThread: Thread is done: Grupo de Usuários 1-178
2020-04-07 00:18:24,826 INFO o.a.j.t.JMeterThread: Thread finished: Grupo de Usuários 1-178
2020-04-07 00:18:24,834 INFO o.a.j.t.JMeterThread: Thread is done: Grupo de Usuários 1-60
2020-04-07 00:18:24,834 INFO o.a.j.t.JMeterThread: Thread finished: Grupo de Usuários 1-60
2020-04-07 00:18:24,847 INFO o.a.j.t.JMeterThread: Thread is done: Grupo de Usuários 1-144
2020-04-07 00:18:24,847 INFO o.a.j.t.JMeterThread: Thread finished: Grupo de Usuários 1-144
2020-04-07 00:18:24,868 INFO o.a.j.t.JMeterThread: Thread is done: Grupo de Usuários 1-180
2020-04-07 00:18:24,868 INFO o.a.j.t.JMeterThread: Thread finished: Grupo de Usuários 1-180
2020-04-07 00:18:24,868 INFO o.a.j.t.JMeterThread: Thread is done: Grupo de Usuários 1-22
2020-04-07 00:18:24,868 INFO o.a.j.t.JMeterThread: Thread finished: Grupo de Usuários 1-22
2020-04-07 00:18:24,905 INFO o.a.j.t.JMeterThread: Thread is done: Grupo de Usuários 1-78
2020-04-07 00:18:24,905 INFO o.a.j.t.JMeterThread: Thread finished: Grupo de Usuários 1-78
2020-04-07 00:18:24,914 INFO o.a.j.t.JMeterThread: Thread is done: Grupo de Usuários 1-133
2020-04-07 00:18:24,914 INFO o.a.j.t.JMeterThread: Thread finished: Grupo de Usuários 1-133
2020-04-07 00:18:24,930 INFO o.a.j.t.JMeterThread: Thread is done: Grupo de Usuários 1-182
2020-04-07 00:18:24,930 INFO o.a.j.t.JMeterThread: Thread finished: Grupo de Usuários 1-182
2020-04-07 00:18:24,943 INFO o.a.j.t.JMeterThread: Thread is done: Grupo de Usuários 1-184
2020-04-07 00:18:24,943 INFO o.a.j.t.JMeterThread: Thread finished: Grupo de Usuários 1-184
2020-04-07 00:18:24,946 INFO o.a.j.t.JMeterThread: Thread is done: Grupo de Usuários 1-97
2020-04-07 00:18:24,946 INFO o.a.j.t.JMeterThread: Thread finished: Grupo de Usuários 1-97
2020-04-07 00:18:24,949 INFO o.a.j.t.JMeterThread: Thread is done: Grupo de Usuários 1-6
2020-04-07 00:18:24,949 INFO o.a.j.t.JMeterThread: Thread finished: Grupo de Usuários 1-6
2020-04-07 00:18:24,962 INFO o.a.j.t.JMeterThread: Thread is done: Grupo de Usuários 1-194
2020-04-07 00:18:24,962 INFO o.a.j.t.JMeterThread: Thread finished: Grupo de Usuários 1-194
2020-04-07 00:18:24,975 INFO o.a.j.t.JMeterThread: Thread is done: Grupo de Usuários 1-69
2020-04-07 00:18:24,975 INFO o.a.j.t.JMeterThread: Thread finished: Grupo de Usuários 1-69
2020-04-07 00:18:24,980 INFO o.a.j.t.JMeterThread: Thread is done: Grupo de Usuários 1-183
2020-04-07 00:18:24,980 INFO o.a.j.t.JMeterThread: Thread finished: Grupo de Usuários 1-183
2020-04-07 00:18:24,986 INFO o.a.j.t.JMeterThread: Thread is done: Grupo de Usuários 1-137
2020-04-07 00:18:24,986 INFO o.a.j.t.JMeterThread: Thread finished: Grupo de Usuários 1-137
2020-04-07 00:18:24,992 INFO o.a.j.t.JMeterThread: Thread is done: Grupo de Usuários 1-58
2020-04-07 00:18:24,992 INFO o.a.j.t.JMeterThread: Thread finished: Grupo de Usuários 1-58
2020-04-07 00:18:24,996 INFO o.a.j.t.JMeterThread: Thread is done: Grupo de Usuários 1-18
2020-04-07 00:18:24,996 INFO o.a.j.t.JMeterThread: Thread finished: Grupo de Usuários 1-18
2020-04-07 00:18:25,001 INFO o.a.j.t.JMeterThread: Thread is done: Grupo de Usuários 1-181
2020-04-07 00:18:25,001 INFO o.a.j.t.JMeterThread: Thread finished: Grupo de Usuários 1-181
2020-04-07 00:18:25,014 INFO o.a.j.t.JMeterThread: Thread is done: Grupo de Usuários 1-153
2020-04-07 00:18:25,014 INFO o.a.j.t.JMeterThread: Thread finished: Grupo de Usuários 1-153
2020-04-07 00:18:25,017 INFO o.a.j.t.JMeterThread: Thread is done: Grupo de Usuários 1-129
2020-04-07 00:18:25,017 INFO o.a.j.t.JMeterThread: Thread finished: Grupo de Usuários 1-129
2020-04-07 00:18:25,023 INFO o.a.j.t.JMeterThread: Thread is done: Grupo de Usuários 1-189
2020-04-07 00:18:25,023 INFO o.a.j.t.JMeterThread: Thread finished: Grupo de Usuários 1-189
2020-04-07 00:18:25,028 INFO o.a.j.t.JMeterThread: Thread is done: Grupo de Usuários 1-17
2020-04-07 00:18:25,028 INFO o.a.j.t.JMeterThread: Thread finished: Grupo de Usuários 1-17
2020-04-07 00:18:25,031 INFO o.a.j.t.JMeterThread: Thread is done: Grupo de Usuários 1-54
2020-04-07 00:18:25,031 INFO o.a.j.t.JMeterThread: Thread finished: Grupo de Usuários 1-54
2020-04-07 00:18:25,040 INFO o.a.j.t.JMeterThread: Thread is done: Grupo de Usuários 1-46
2020-04-07 00:18:25,040 INFO o.a.j.t.JMeterThread: Thread finished: Grupo de Usuários 1-46
2020-04-07 00:18:25,044 INFO o.a.j.t.JMeterThread: Thread is done: Grupo de Usuários 1-141
2020-04-07 00:18:25,044 INFO o.a.j.t.JMeterThread: Thread finished: Grupo de Usuários 1-141
2020-04-07 00:18:25,046 INFO o.a.j.t.JMeterThread: Thread is done: Grupo de Usuários 1-14
2020-04-07 00:18:25,046 INFO o.a.j.t.JMeterThread: Thread is done: Grupo de Usuários 1-185
2020-04-07 00:18:25,046 INFO o.a.j.t.JMeterThread: Thread finished: Grupo de Usuários 1-14
2020-04-07 00:18:25,046 INFO o.a.j.t.JMeterThread: Thread finished: Grupo de Usuários 1-185
2020-04-07 00:18:25,048 INFO o.a.j.t.JMeterThread: Thread is done: Grupo de Usuários 1-62
2020-04-07 00:18:25,048 INFO o.a.j.t.JMeterThread: Thread finished: Grupo de Usuários 1-62
2020-04-07 00:18:25,055 INFO o.a.j.t.JMeterThread: Thread is done: Grupo de Usuários 1-61
2020-04-07 00:18:25,055 INFO o.a.j.t.JMeterThread: Thread finished: Grupo de Usuários 1-61
2020-04-07 00:18:25,055 INFO o.a.j.t.JMeterThread: Thread is done: Grupo de Usuários 1-175
2020-04-07 00:18:25,055 INFO o.a.j.t.JMeterThread: Thread finished: Grupo de Usuários 1-175
2020-04-07 00:18:25,068 INFO o.a.j.t.JMeterThread: Thread is done: Grupo de Usuários 1-187
2020-04-07 00:18:25,068 INFO o.a.j.t.JMeterThread: Thread finished: Grupo de Usuários 1-187
2020-04-07 00:18:25,101 INFO o.a.j.t.JMeterThread: Thread is done: Grupo de Usuários 1-90
2020-04-07 00:18:25,101 INFO o.a.j.t.JMeterThread: Thread finished: Grupo de Usuários 1-90
2020-04-07 00:18:25,103 INFO o.a.j.t.JMeterThread: Thread is done: Grupo de Usuários 1-192
2020-04-07 00:18:25,103 INFO o.a.j.t.JMeterThread: Thread finished: Grupo de Usuários 1-192
2020-04-07 00:18:25,104 INFO o.a.j.t.JMeterThread: Thread is done: Grupo de Usuários 1-49
2020-04-07 00:18:25,104 INFO o.a.j.t.JMeterThread: Thread finished: Grupo de Usuários 1-49
2020-04-07 00:18:25,142 INFO o.a.j.t.JMeterThread: Thread is done: Grupo de Usuários 1-171
2020-04-07 00:18:25,142 INFO o.a.j.t.JMeterThread: Thread finished: Grupo de Usuários 1-171
2020-04-07 00:18:25,164 INFO o.a.j.t.JMeterThread: Thread is done: Grupo de Usuários 1-170
2020-04-07 00:18:25,164 INFO o.a.j.t.JMeterThread: Thread finished: Grupo de Usuários 1-170
2020-04-07 00:18:25,181 INFO o.a.j.t.JMeterThread: Thread is done: Grupo de Usuários 1-188
2020-04-07 00:18:25,181 INFO o.a.j.t.JMeterThread: Thread is done: Grupo de Usuários 1-28
2020-04-07 00:18:25,181 INFO o.a.j.t.JMeterThread: Thread finished: Grupo de Usuários 1-188
2020-04-07 00:18:25,181 INFO o.a.j.t.JMeterThread: Thread finished: Grupo de Usuários 1-28
2020-04-07 00:18:25,200 INFO o.a.j.t.JMeterThread: Thread is done: Grupo de Usuários 1-167
2020-04-07 00:18:25,200 INFO o.a.j.t.JMeterThread: Thread finished: Grupo de Usuários 1-167
2020-04-07 00:18:25,200 INFO o.a.j.t.JMeterThread: Thread is done: Grupo de Usuários 1-174
2020-04-07 00:18:25,200 INFO o.a.j.t.JMeterThread: Thread finished: Grupo de Usuários 1-174
2020-04-07 00:18:25,202 INFO o.a.j.t.JMeterThread: Thread is done: Grupo de Usuários 1-191
2020-04-07 00:18:25,202 INFO o.a.j.t.JMeterThread: Thread finished: Grupo de Usuários 1-191
2020-04-07 00:18:25,202 INFO o.a.j.t.JMeterThread: Thread is done: Grupo de Usuários 1-132
2020-04-07 00:18:25,203 INFO o.a.j.t.JMeterThread: Thread finished: Grupo de Usuários 1-132
2020-04-07 00:18:25,204 INFO o.a.j.t.JMeterThread: Thread is done: Grupo de Usuários 1-152
2020-04-07 00:18:25,204 INFO o.a.j.t.JMeterThread: Thread is done: Grupo de Usuários 1-68
2020-04-07 00:18:25,204 INFO o.a.j.t.JMeterThread: Thread finished: Grupo de Usuários 1-152
2020-04-07 00:18:25,204 INFO o.a.j.t.JMeterThread: Thread finished: Grupo de Usuários 1-68
2020-04-07 00:18:25,947 INFO o.a.j.t.JMeterThread: Thread is done: Grupo de Usuários 1-148
2020-04-07 00:18:25,947 INFO o.a.j.t.JMeterThread: Thread finished: Grupo de Usuários 1-148
2020-04-07 00:18:30,632 INFO o.a.j.t.JMeterThread: Thread is done: Grupo de Usuários 1-82
2020-04-07 00:18:30,632 INFO o.a.j.t.JMeterThread: Thread finished: Grupo de Usuários 1-82
2020-04-07 00:18:30,633 INFO o.a.j.r.Summariser: summary +    300 in 00:00:10 =   30.2/s Avg:  1472 Min:   301 Max:  8587 Err:     0 (0.00%) Active: 101 Started: 200 Finished: 99
2020-04-07 00:18:30,635 INFO o.a.j.t.JMeterThread: Thread is done: Grupo de Usuários 1-114
2020-04-07 00:18:30,635 INFO o.a.j.t.JMeterThread: Thread finished: Grupo de Usuários 1-114
2020-04-07 00:18:30,635 INFO o.a.j.t.JMeterThread: Thread is done: Grupo de Usuários 1-86
2020-04-07 00:18:30,635 INFO o.a.j.t.JMeterThread: Thread finished: Grupo de Usuários 1-86
2020-04-07 00:18:30,636 INFO o.a.j.t.JMeterThread: Thread is done: Grupo de Usuários 1-109
2020-04-07 00:18:30,637 INFO o.a.j.t.JMeterThread: Thread finished: Grupo de Usuários 1-109
2020-04-07 00:18:30,637 INFO o.a.j.t.JMeterThread: Thread is done: Grupo de Usuários 1-120
2020-04-07 00:18:30,637 INFO o.a.j.t.JMeterThread: Thread finished: Grupo de Usuários 1-120
2020-04-07 00:18:30,641 INFO o.a.j.t.JMeterThread: Thread is done: Grupo de Usuários 1-142
2020-04-07 00:18:30,641 INFO o.a.j.t.JMeterThread: Thread finished: Grupo de Usuários 1-142
2020-04-07 00:18:30,649 INFO o.a.j.t.JMeterThread: Thread is done: Grupo de Usuários 1-113
2020-04-07 00:18:30,649 INFO o.a.j.t.JMeterThread: Thread finished: Grupo de Usuários 1-113
2020-04-07 00:18:30,651 INFO o.a.j.t.JMeterThread: Thread is done: Grupo de Usuários 1-117
2020-04-07 00:18:30,651 INFO o.a.j.t.JMeterThread: Thread finished: Grupo de Usuários 1-117
2020-04-07 00:18:30,658 INFO o.a.j.t.JMeterThread: Thread is done: Grupo de Usuários 1-168
2020-04-07 00:18:30,658 INFO o.a.j.t.JMeterThread: Thread finished: Grupo de Usuários 1-168
2020-04-07 00:18:30,674 INFO o.a.j.t.JMeterThread: Thread is done: Grupo de Usuários 1-200
2020-04-07 00:18:30,674 INFO o.a.j.t.JMeterThread: Thread finished: Grupo de Usuários 1-200
2020-04-07 00:18:30,706 INFO o.a.j.t.JMeterThread: Thread is done: Grupo de Usuários 1-99
2020-04-07 00:18:30,706 INFO o.a.j.t.JMeterThread: Thread finished: Grupo de Usuários 1-99
2020-04-07 00:18:30,711 INFO o.a.j.t.JMeterThread: Thread is done: Grupo de Usuários 1-197
2020-04-07 00:18:30,711 INFO o.a.j.t.JMeterThread: Thread finished: Grupo de Usuários 1-197
2020-04-07 00:18:30,718 INFO o.a.j.t.JMeterThread: Thread is done: Grupo de Usuários 1-196
2020-04-07 00:18:30,718 INFO o.a.j.t.JMeterThread: Thread is done: Grupo de Usuários 1-72
2020-04-07 00:18:30,718 INFO o.a.j.t.JMeterThread: Thread finished: Grupo de Usuários 1-196
2020-04-07 00:18:30,718 INFO o.a.j.t.JMeterThread: Thread finished: Grupo de Usuários 1-72
2020-04-07 00:18:30,999 INFO o.a.j.t.JMeterThread: Thread is done: Grupo de Usuários 1-116
2020-04-07 00:18:30,999 INFO o.a.j.t.JMeterThread: Thread finished: Grupo de Usuários 1-116
2020-04-07 00:18:30,999 INFO o.a.j.t.JMeterThread: Thread is done: Grupo de Usuários 1-81
2020-04-07 00:18:30,999 INFO o.a.j.t.JMeterThread: Thread finished: Grupo de Usuários 1-81
2020-04-07 00:18:31,016 INFO o.a.j.t.JMeterThread: Thread is done: Grupo de Usuários 1-190
2020-04-07 00:18:31,016 INFO o.a.j.t.JMeterThread: Thread finished: Grupo de Usuários 1-190
2020-04-07 00:18:31,032 INFO o.a.j.t.JMeterThread: Thread is done: Grupo de Usuários 1-186
2020-04-07 00:18:31,032 INFO o.a.j.t.JMeterThread: Thread finished: Grupo de Usuários 1-186
2020-04-07 00:18:31,047 INFO o.a.j.t.JMeterThread: Thread is done: Grupo de Usuários 1-13
2020-04-07 00:18:31,047 INFO o.a.j.t.JMeterThread: Thread finished: Grupo de Usuários 1-13
2020-04-07 00:18:31,060 INFO o.a.j.t.JMeterThread: Thread is done: Grupo de Usuários 1-111
2020-04-07 00:18:31,060 INFO o.a.j.t.JMeterThread: Thread finished: Grupo de Usuários 1-111
2020-04-07 00:18:31,066 INFO o.a.j.t.JMeterThread: Thread is done: Grupo de Usuários 1-32
2020-04-07 00:18:31,066 INFO o.a.j.t.JMeterThread: Thread finished: Grupo de Usuários 1-32
2020-04-07 00:18:31,094 INFO o.a.j.t.JMeterThread: Thread is done: Grupo de Usuários 1-88
2020-04-07 00:18:31,094 INFO o.a.j.t.JMeterThread: Thread finished: Grupo de Usuários 1-88
2020-04-07 00:18:31,405 INFO o.a.j.t.JMeterThread: Thread is done: Grupo de Usuários 1-19
2020-04-07 00:18:31,405 INFO o.a.j.t.JMeterThread: Thread is done: Grupo de Usuários 1-91
2020-04-07 00:18:31,405 INFO o.a.j.t.JMeterThread: Thread finished: Grupo de Usuários 1-19
2020-04-07 00:18:31,405 INFO o.a.j.t.JMeterThread: Thread finished: Grupo de Usuários 1-91
2020-04-07 00:18:31,429 INFO o.a.j.t.JMeterThread: Thread is done: Grupo de Usuários 1-35
2020-04-07 00:18:31,429 INFO o.a.j.t.JMeterThread: Thread finished: Grupo de Usuários 1-35
2020-04-07 00:18:31,432 INFO o.a.j.t.JMeterThread: Thread is done: Grupo de Usuários 1-104
2020-04-07 00:18:31,432 INFO o.a.j.t.JMeterThread: Thread finished: Grupo de Usuários 1-104
2020-04-07 00:18:31,443 INFO o.a.j.t.JMeterThread: Thread is done: Grupo de Usuários 1-16
2020-04-07 00:18:31,443 INFO o.a.j.t.JMeterThread: Thread finished: Grupo de Usuários 1-16
2020-04-07 00:18:31,469 INFO o.a.j.t.JMeterThread: Thread is done: Grupo de Usuários 1-80
2020-04-07 00:18:31,469 INFO o.a.j.t.JMeterThread: Thread finished: Grupo de Usuários 1-80
2020-04-07 00:18:31,470 INFO o.a.j.t.JMeterThread: Thread is done: Grupo de Usuários 1-92
2020-04-07 00:18:31,470 INFO o.a.j.t.JMeterThread: Thread finished: Grupo de Usuários 1-92
2020-04-07 00:18:31,472 INFO o.a.j.t.JMeterThread: Thread is done: Grupo de Usuários 1-64
2020-04-07 00:18:31,472 INFO o.a.j.t.JMeterThread: Thread finished: Grupo de Usuários 1-64
2020-04-07 00:18:31,479 INFO o.a.j.t.JMeterThread: Thread is done: Grupo de Usuários 1-23
2020-04-07 00:18:31,479 INFO o.a.j.t.JMeterThread: Thread finished: Grupo de Usuários 1-23
2020-04-07 00:18:31,480 INFO o.a.j.t.JMeterThread: Thread is done: Grupo de Usuários 1-56
2020-04-07 00:18:31,480 INFO o.a.j.t.JMeterThread: Thread finished: Grupo de Usuários 1-56
2020-04-07 00:18:31,480 INFO o.a.j.t.JMeterThread: Thread is done: Grupo de Usuários 1-79
2020-04-07 00:18:31,480 INFO o.a.j.t.JMeterThread: Thread finished: Grupo de Usuários 1-79
2020-04-07 00:18:31,492 INFO o.a.j.t.JMeterThread: Thread is done: Grupo de Usuários 1-36
2020-04-07 00:18:31,492 INFO o.a.j.t.JMeterThread: Thread finished: Grupo de Usuários 1-36
2020-04-07 00:18:31,494 INFO o.a.j.t.JMeterThread: Thread is done: Grupo de Usuários 1-31
2020-04-07 00:18:31,495 INFO o.a.j.t.JMeterThread: Thread finished: Grupo de Usuários 1-31
2020-04-07 00:18:31,498 INFO o.a.j.t.JMeterThread: Thread is done: Grupo de Usuários 1-59
2020-04-07 00:18:31,498 INFO o.a.j.t.JMeterThread: Thread finished: Grupo de Usuários 1-59
2020-04-07 00:18:31,502 INFO o.a.j.t.JMeterThread: Thread is done: Grupo de Usuários 1-67
2020-04-07 00:18:31,502 INFO o.a.j.t.JMeterThread: Thread finished: Grupo de Usuários 1-67
2020-04-07 00:18:31,867 INFO o.a.j.t.JMeterThread: Thread is done: Grupo de Usuários 1-33
2020-04-07 00:18:31,867 INFO o.a.j.t.JMeterThread: Thread finished: Grupo de Usuários 1-33
2020-04-07 00:18:31,882 INFO o.a.j.t.JMeterThread: Thread is done: Grupo de Usuários 1-176
2020-04-07 00:18:31,882 INFO o.a.j.t.JMeterThread: Thread is done: Grupo de Usuários 1-169
2020-04-07 00:18:31,883 INFO o.a.j.t.JMeterThread: Thread is done: Grupo de Usuários 1-5
2020-04-07 00:18:31,882 INFO o.a.j.t.JMeterThread: Thread is done: Grupo de Usuários 1-160
2020-04-07 00:18:31,883 INFO o.a.j.t.JMeterThread: Thread finished: Grupo de Usuários 1-5
2020-04-07 00:18:31,883 INFO o.a.j.t.JMeterThread: Thread is done: Grupo de Usuários 1-193
2020-04-07 00:18:31,883 INFO o.a.j.t.JMeterThread: Thread finished: Grupo de Usuários 1-176
2020-04-07 00:18:31,883 INFO o.a.j.t.JMeterThread: Thread finished: Grupo de Usuários 1-169
2020-04-07 00:18:31,883 INFO o.a.j.t.JMeterThread: Thread finished: Grupo de Usuários 1-193
2020-04-07 00:18:31,883 INFO o.a.j.t.JMeterThread: Thread finished: Grupo de Usuários 1-160
2020-04-07 00:18:31,888 INFO o.a.j.t.JMeterThread: Thread is done: Grupo de Usuários 1-101
2020-04-07 00:18:31,888 INFO o.a.j.t.JMeterThread: Thread finished: Grupo de Usuários 1-101
2020-04-07 00:18:31,900 INFO o.a.j.t.JMeterThread: Thread is done: Grupo de Usuários 1-195
2020-04-07 00:18:31,900 INFO o.a.j.t.JMeterThread: Thread finished: Grupo de Usuários 1-195
2020-04-07 00:18:31,925 INFO o.a.j.t.JMeterThread: Thread is done: Grupo de Usuários 1-53
2020-04-07 00:18:31,925 INFO o.a.j.t.JMeterThread: Thread finished: Grupo de Usuários 1-53
2020-04-07 00:18:31,925 INFO o.a.j.t.JMeterThread: Thread is done: Grupo de Usuários 1-157
2020-04-07 00:18:31,925 INFO o.a.j.t.JMeterThread: Thread finished: Grupo de Usuários 1-157
2020-04-07 00:18:32,149 INFO o.a.j.t.JMeterThread: Thread is done: Grupo de Usuários 1-165
2020-04-07 00:18:32,149 INFO o.a.j.t.JMeterThread: Thread is done: Grupo de Usuários 1-179
2020-04-07 00:18:32,149 INFO o.a.j.t.JMeterThread: Thread is done: Grupo de Usuários 1-83
2020-04-07 00:18:32,149 INFO o.a.j.t.JMeterThread: Thread finished: Grupo de Usuários 1-165
2020-04-07 00:18:32,149 INFO o.a.j.t.JMeterThread: Thread finished: Grupo de Usuários 1-179
2020-04-07 00:18:32,149 INFO o.a.j.t.JMeterThread: Thread finished: Grupo de Usuários 1-83
2020-04-07 00:18:32,167 INFO o.a.j.t.JMeterThread: Thread is done: Grupo de Usuários 1-66
2020-04-07 00:18:32,167 INFO o.a.j.t.JMeterThread: Thread finished: Grupo de Usuários 1-66
2020-04-07 00:18:32,190 INFO o.a.j.t.JMeterThread: Thread is done: Grupo de Usuários 1-140
2020-04-07 00:18:32,190 INFO o.a.j.t.JMeterThread: Thread finished: Grupo de Usuários 1-140
2020-04-07 00:18:32,196 INFO o.a.j.t.JMeterThread: Thread is done: Grupo de Usuários 1-156
2020-04-07 00:18:32,196 INFO o.a.j.t.JMeterThread: Thread is done: Grupo de Usuários 1-172
2020-04-07 00:18:32,196 INFO o.a.j.t.JMeterThread: Thread finished: Grupo de Usuários 1-156
2020-04-07 00:18:32,196 INFO o.a.j.t.JMeterThread: Thread finished: Grupo de Usuários 1-172
2020-04-07 00:18:32,216 INFO o.a.j.t.JMeterThread: Thread is done: Grupo de Usuários 1-57
2020-04-07 00:18:32,216 INFO o.a.j.t.JMeterThread: Thread finished: Grupo de Usuários 1-57
2020-04-07 00:18:32,498 INFO o.a.j.t.JMeterThread: Thread is done: Grupo de Usuários 1-130
2020-04-07 00:18:32,498 INFO o.a.j.t.JMeterThread: Thread finished: Grupo de Usuários 1-130
2020-04-07 00:18:32,498 INFO o.a.j.t.JMeterThread: Thread is done: Grupo de Usuários 1-147
2020-04-07 00:18:32,498 INFO o.a.j.t.JMeterThread: Thread finished: Grupo de Usuários 1-147
2020-04-07 00:18:32,503 INFO o.a.j.t.JMeterThread: Thread is done: Grupo de Usuários 1-24
2020-04-07 00:18:32,503 INFO o.a.j.t.JMeterThread: Thread is done: Grupo de Usuários 1-139
2020-04-07 00:18:32,503 INFO o.a.j.t.JMeterThread: Thread finished: Grupo de Usuários 1-24
2020-04-07 00:18:32,504 INFO o.a.j.t.JMeterThread: Thread finished: Grupo de Usuários 1-139
2020-04-07 00:18:32,530 INFO o.a.j.t.JMeterThread: Thread is done: Grupo de Usuários 1-151
2020-04-07 00:18:32,530 INFO o.a.j.t.JMeterThread: Thread finished: Grupo de Usuários 1-151
2020-04-07 00:18:32,533 INFO o.a.j.t.JMeterThread: Thread is done: Grupo de Usuários 1-138
2020-04-07 00:18:32,533 INFO o.a.j.t.JMeterThread: Thread finished: Grupo de Usuários 1-138
2020-04-07 00:18:32,555 INFO o.a.j.t.JMeterThread: Thread is done: Grupo de Usuários 1-158
2020-04-07 00:18:32,555 INFO o.a.j.t.JMeterThread: Thread finished: Grupo de Usuários 1-158
2020-04-07 00:18:32,558 INFO o.a.j.t.JMeterThread: Thread is done: Grupo de Usuários 1-134
2020-04-07 00:18:32,558 INFO o.a.j.t.JMeterThread: Thread finished: Grupo de Usuários 1-134
2020-04-07 00:18:32,561 INFO o.a.j.t.JMeterThread: Thread is done: Grupo de Usuários 1-198
2020-04-07 00:18:32,561 INFO o.a.j.t.JMeterThread: Thread finished: Grupo de Usuários 1-198
2020-04-07 00:18:32,576 INFO o.a.j.t.JMeterThread: Thread is done: Grupo de Usuários 1-25
2020-04-07 00:18:32,576 INFO o.a.j.t.JMeterThread: Thread finished: Grupo de Usuários 1-25
2020-04-07 00:18:32,578 INFO o.a.j.t.JMeterThread: Thread is done: Grupo de Usuários 1-127
2020-04-07 00:18:32,578 INFO o.a.j.t.JMeterThread: Thread finished: Grupo de Usuários 1-127
2020-04-07 00:18:32,581 INFO o.a.j.t.JMeterThread: Thread is done: Grupo de Usuários 1-163
2020-04-07 00:18:32,581 INFO o.a.j.t.JMeterThread: Thread finished: Grupo de Usuários 1-163
2020-04-07 00:18:32,581 INFO o.a.j.t.JMeterThread: Thread is done: Grupo de Usuários 1-173
2020-04-07 00:18:32,581 INFO o.a.j.t.JMeterThread: Thread finished: Grupo de Usuários 1-173
2020-04-07 00:18:32,581 INFO o.a.j.t.JMeterThread: Thread is done: Grupo de Usuários 1-199
2020-04-07 00:18:32,581 INFO o.a.j.t.JMeterThread: Thread finished: Grupo de Usuários 1-199
2020-04-07 00:18:32,588 INFO o.a.j.t.JMeterThread: Thread is done: Grupo de Usuários 1-143
2020-04-07 00:18:32,588 INFO o.a.j.t.JMeterThread: Thread is done: Grupo de Usuários 1-146
2020-04-07 00:18:32,588 INFO o.a.j.t.JMeterThread: Thread finished: Grupo de Usuários 1-143
2020-04-07 00:18:32,589 INFO o.a.j.t.JMeterThread: Thread finished: Grupo de Usuários 1-146
2020-04-07 00:18:32,592 INFO o.a.j.t.JMeterThread: Thread is done: Grupo de Usuários 1-150
2020-04-07 00:18:32,592 INFO o.a.j.t.JMeterThread: Thread finished: Grupo de Usuários 1-150
2020-04-07 00:18:32,597 INFO o.a.j.t.JMeterThread: Thread is done: Grupo de Usuários 1-12
2020-04-07 00:18:32,597 INFO o.a.j.t.JMeterThread: Thread finished: Grupo de Usuários 1-12
2020-04-07 00:18:32,600 INFO o.a.j.t.JMeterThread: Thread is done: Grupo de Usuários 1-166
2020-04-07 00:18:32,601 INFO o.a.j.t.JMeterThread: Thread finished: Grupo de Usuários 1-166
2020-04-07 00:18:32,610 INFO o.a.j.t.JMeterThread: Thread is done: Grupo de Usuários 1-131
2020-04-07 00:18:32,610 INFO o.a.j.t.JMeterThread: Thread finished: Grupo de Usuários 1-131
2020-04-07 00:18:32,611 INFO o.a.j.t.JMeterThread: Thread is done: Grupo de Usuários 1-159
2020-04-07 00:18:32,611 INFO o.a.j.t.JMeterThread: Thread finished: Grupo de Usuários 1-159
2020-04-07 00:18:32,614 INFO o.a.j.t.JMeterThread: Thread is done: Grupo de Usuários 1-135
2020-04-07 00:18:32,614 INFO o.a.j.t.JMeterThread: Thread is done: Grupo de Usuários 1-162
2020-04-07 00:18:32,614 INFO o.a.j.t.JMeterThread: Thread finished: Grupo de Usuários 1-135
2020-04-07 00:18:32,614 INFO o.a.j.t.JMeterThread: Thread finished: Grupo de Usuários 1-162
2020-04-07 00:18:37,651 INFO o.a.j.t.JMeterThread: Thread is done: Grupo de Usuários 1-108
2020-04-07 00:18:37,651 INFO o.a.j.t.JMeterThread: Thread finished: Grupo de Usuários 1-108
2020-04-07 00:18:37,696 INFO o.a.j.t.JMeterThread: Thread is done: Grupo de Usuários 1-21
2020-04-07 00:18:37,696 INFO o.a.j.t.JMeterThread: Thread is done: Grupo de Usuários 1-110
2020-04-07 00:18:37,696 INFO o.a.j.t.JMeterThread: Thread finished: Grupo de Usuários 1-21
2020-04-07 00:18:37,696 INFO o.a.j.t.JMeterThread: Thread finished: Grupo de Usuários 1-110
2020-04-07 00:18:37,696 INFO o.a.j.t.JMeterThread: Thread is done: Grupo de Usuários 1-105
2020-04-07 00:18:37,696 INFO o.a.j.t.JMeterThread: Thread finished: Grupo de Usuários 1-105
2020-04-07 00:18:37,771 INFO o.a.j.t.JMeterThread: Thread is done: Grupo de Usuários 1-161
2020-04-07 00:18:37,771 INFO o.a.j.t.JMeterThread: Thread finished: Grupo de Usuários 1-161
2020-04-07 00:18:37,795 INFO o.a.j.t.JMeterThread: Thread is done: Grupo de Usuários 1-177
2020-04-07 00:18:37,795 INFO o.a.j.t.JMeterThread: Thread finished: Grupo de Usuários 1-177
2020-04-07 00:18:39,149 INFO o.a.j.t.JMeterThread: Thread is done: Grupo de Usuários 1-95
2020-04-07 00:18:39,149 INFO o.a.j.t.JMeterThread: Thread finished: Grupo de Usuários 1-95
2020-04-07 00:18:39,271 INFO o.a.j.t.JMeterThread: Thread is done: Grupo de Usuários 1-27
2020-04-07 00:18:39,271 INFO o.a.j.t.JMeterThread: Thread finished: Grupo de Usuários 1-27
2020-04-07 00:18:39,306 INFO o.a.j.t.JMeterThread: Thread is done: Grupo de Usuários 1-112
2020-04-07 00:18:39,306 INFO o.a.j.t.JMeterThread: Thread is done: Grupo de Usuários 1-47
2020-04-07 00:18:39,306 INFO o.a.j.t.JMeterThread: Thread is done: Grupo de Usuários 1-115
2020-04-07 00:18:39,306 INFO o.a.j.t.JMeterThread: Thread finished: Grupo de Usuários 1-112
2020-04-07 00:18:39,306 INFO o.a.j.t.JMeterThread: Thread finished: Grupo de Usuários 1-115
2020-04-07 00:18:39,306 INFO o.a.j.t.JMeterThread: Thread finished: Grupo de Usuários 1-47
2020-04-07 00:18:39,314 INFO o.a.j.t.JMeterThread: Thread is done: Grupo de Usuários 1-89
2020-04-07 00:18:39,314 INFO o.a.j.t.JMeterThread: Thread finished: Grupo de Usuários 1-89
2020-04-07 00:18:39,411 INFO o.a.j.t.JMeterThread: Thread is done: Grupo de Usuários 1-2
2020-04-07 00:18:39,411 INFO o.a.j.t.JMeterThread: Thread finished: Grupo de Usuários 1-2
2020-04-07 00:18:39,411 INFO o.a.j.t.JMeterThread: Thread is done: Grupo de Usuários 1-3
2020-04-07 00:18:39,411 INFO o.a.j.t.JMeterThread: Thread finished: Grupo de Usuários 1-3
2020-04-07 00:18:39,411 INFO o.a.j.t.JMeterThread: Thread is done: Grupo de Usuários 1-119
2020-04-07 00:18:39,411 INFO o.a.j.t.JMeterThread: Thread finished: Grupo de Usuários 1-119
2020-04-07 00:18:39,411 INFO o.a.j.t.JMeterThread: Thread is done: Grupo de Usuários 1-106
2020-04-07 00:18:39,411 INFO o.a.j.t.JMeterThread: Thread finished: Grupo de Usuários 1-106
2020-04-07 00:18:39,418 INFO o.a.j.t.JMeterThread: Thread is done: Grupo de Usuários 1-11
2020-04-07 00:18:39,418 INFO o.a.j.t.JMeterThread: Thread finished: Grupo de Usuários 1-11
2020-04-07 00:18:39,427 INFO o.a.j.t.JMeterThread: Thread is done: Grupo de Usuários 1-103
2020-04-07 00:18:39,427 INFO o.a.j.t.JMeterThread: Thread finished: Grupo de Usuários 1-103
2020-04-07 00:18:39,433 INFO o.a.j.t.JMeterThread: Thread is done: Grupo de Usuários 1-40
2020-04-07 00:18:39,433 INFO o.a.j.t.JMeterThread: Thread finished: Grupo de Usuários 1-40
2020-04-07 00:18:39,434 INFO o.a.j.t.JMeterThread: Thread is done: Grupo de Usuários 1-37
2020-04-07 00:18:39,434 INFO o.a.j.t.JMeterThread: Thread finished: Grupo de Usuários 1-37
2020-04-07 00:18:39,446 INFO o.a.j.t.JMeterThread: Thread is done: Grupo de Usuários 1-93
2020-04-07 00:18:39,446 INFO o.a.j.t.JMeterThread: Thread finished: Grupo de Usuários 1-93
2020-04-07 00:18:39,446 INFO o.a.j.t.JMeterThread: Thread is done: Grupo de Usuários 1-121
2020-04-07 00:18:39,446 INFO o.a.j.t.JMeterThread: Thread finished: Grupo de Usuários 1-121
2020-04-07 00:18:39,455 INFO o.a.j.t.JMeterThread: Thread is done: Grupo de Usuários 1-74
2020-04-07 00:18:39,455 INFO o.a.j.t.JMeterThread: Thread finished: Grupo de Usuários 1-74
2020-04-07 00:18:39,457 INFO o.a.j.e.StandardJMeterEngine: Notifying test listeners of end of test
2020-04-07 00:18:39,459 INFO o.a.j.r.Summariser: summary +    100 in 00:00:09 =   11.3/s Avg: 11191 Min:  7968 Max: 17653 Err:     0 (0.00%) Active: 0 Started: 200 Finished: 200
2020-04-07 00:18:39,463 INFO o.a.j.r.Summariser: summary =    400 in 00:00:19 =   21.3/s Avg:  3902 Min:   301 Max: 17653 Err:     0 (0.00%)
2020-04-07 00:18:39,467 INFO o.a.j.JMeter: Generating Dashboard
2020-04-07 00:18:39,467 INFO o.a.j.r.d.ReportGenerator: Flushing result collector before report Generation
2020-04-07 00:18:39,520 INFO o.a.j.r.p.NormalizerSampleConsumer: Using format, 'ms', to parse timeStamp field
2020-04-07 00:18:39,804 INFO o.a.j.r.p.AbstractSampleConsumer: class org.apache.jmeter.report.processor.AggregateConsumer#stopProducing(): beginDate produced 0 samples
2020-04-07 00:18:39,804 INFO o.a.j.r.p.AbstractSampleConsumer: class org.apache.jmeter.report.processor.AggregateConsumer#stopProducing(): endDate produced 0 samples
2020-04-07 00:18:39,806 INFO o.a.j.r.p.AbstractSampleConsumer: class org.apache.jmeter.report.processor.ApdexSummaryConsumer#stopProducing(): apdexSummary produced 0 samples
2020-04-07 00:18:39,806 INFO o.a.j.r.p.AbstractSampleConsumer: class org.apache.jmeter.report.processor.RequestsSummaryConsumer#stopProducing(): requestsSummary produced 0 samples
2020-04-07 00:18:39,815 INFO o.a.j.r.p.AbstractSampleConsumer: class org.apache.jmeter.report.processor.StatisticsSummaryConsumer#stopProducing(): statisticsSummary produced 0 samples
2020-04-07 00:18:39,823 INFO o.a.j.r.p.AbstractSampleConsumer: class org.apache.jmeter.report.processor.Top5ErrorsBySamplerConsumer#stopProducing(): top5ErrorsBySampler produced 0 samples
2020-04-07 00:18:39,823 INFO o.a.j.r.p.AbstractSampleConsumer: class org.apache.jmeter.report.processor.ErrorsSummaryConsumer#stopProducing(): errorsSummary produced 0 samples
2020-04-07 00:18:39,823 INFO o.a.j.r.p.AbstractSampleConsumer: class org.apache.jmeter.report.processor.graph.impl.HitsPerSecondGraphConsumer#stopProducing(): hitsPerSecond produced 0 samples
2020-04-07 00:18:39,859 INFO o.a.j.r.p.AbstractSampleConsumer: class org.apache.jmeter.report.processor.graph.impl.LatencyVSRequestGraphConsumer#stopProducing(): latencyVsRequest produced 0 samples
2020-04-07 00:18:39,863 INFO o.a.j.r.p.AbstractSampleConsumer: class org.apache.jmeter.report.processor.graph.impl.SyntheticResponseTimeDistributionGraphConsumer#stopProducing(): syntheticResponseTimeDistribution produced 0 samples
2020-04-07 00:18:39,863 INFO o.a.j.r.p.AbstractSampleConsumer: class org.apache.jmeter.report.processor.graph.impl.BytesThroughputGraphConsumer#stopProducing(): bytesThroughputOverTime produced 0 samples
2020-04-07 00:18:39,863 INFO o.a.j.r.p.AbstractSampleConsumer: class org.apache.jmeter.report.processor.graph.impl.CodesPerSecondGraphConsumer#stopProducing(): codesPerSecond produced 0 samples
2020-04-07 00:18:39,887 INFO o.a.j.r.p.AbstractSampleConsumer: class org.apache.jmeter.report.processor.graph.impl.ResponseTimeVSRequestGraphConsumer#stopProducing(): responseTimeVsRequest produced 0 samples
2020-04-07 00:18:39,887 INFO o.a.j.r.p.AbstractSampleConsumer: class org.apache.jmeter.report.processor.FilterConsumer#stopProducing(): startIntervalControlerFilter produced 5600 samples
2020-04-07 00:18:39,887 INFO o.a.j.r.p.AbstractSampleConsumer: class org.apache.jmeter.report.processor.graph.impl.TotalTPSGraphConsumer#stopProducing(): totalTPS produced 0 samples
2020-04-07 00:18:39,887 INFO o.a.j.r.p.AbstractSampleConsumer: class org.apache.jmeter.report.processor.graph.impl.ActiveThreadsGraphConsumer#stopProducing(): activeThreadsOverTime produced 0 samples
2020-04-07 00:18:39,887 INFO o.a.j.r.p.AbstractSampleConsumer: class org.apache.jmeter.report.processor.graph.impl.TimeVSThreadGraphConsumer#stopProducing(): timeVsThreads produced 0 samples
2020-04-07 00:18:39,887 INFO o.a.j.r.p.AbstractSampleConsumer: class org.apache.jmeter.report.processor.graph.impl.ResponseTimeDistributionGraphConsumer#stopProducing(): responseTimeDistribution produced 0 samples
2020-04-07 00:18:39,887 INFO o.a.j.r.p.AbstractSampleConsumer: class org.apache.jmeter.report.processor.graph.impl.TransactionsPerSecondGraphConsumer#stopProducing(): transactionsPerSecond produced 0 samples
2020-04-07 00:18:39,887 INFO o.a.j.r.p.AbstractSampleConsumer: class org.apache.jmeter.report.processor.graph.impl.ResponseTimePercentilesGraphConsumer#stopProducing(): responseTimePercentiles produced 0 samples
2020-04-07 00:18:39,897 INFO o.a.j.r.p.AbstractSampleConsumer: class org.apache.jmeter.report.processor.graph.impl.ResponseTimePercentilesOverTimeGraphConsumer#stopProducing(): responseTimePercentilesOverTime produced 0 samples
2020-04-07 00:18:39,897 INFO o.a.j.r.p.AbstractSampleConsumer: class org.apache.jmeter.report.processor.graph.impl.ResponseTimeOverTimeGraphConsumer#stopProducing(): responseTimesOverTime produced 0 samples
2020-04-07 00:18:39,897 INFO o.a.j.r.p.AbstractSampleConsumer: class org.apache.jmeter.report.processor.graph.impl.ConnectTimeOverTimeGraphConsumer#stopProducing(): connectTimeOverTime produced 0 samples
2020-04-07 00:18:39,898 INFO o.a.j.r.p.AbstractSampleConsumer: class org.apache.jmeter.report.processor.graph.impl.LatencyOverTimeGraphConsumer#stopProducing(): latenciesOverTime produced 0 samples
2020-04-07 00:18:39,898 INFO o.a.j.r.p.AbstractSampleConsumer: class org.apache.jmeter.report.processor.FilterConsumer#stopProducing(): nameFilter produced 12000 samples
2020-04-07 00:18:39,898 INFO o.a.j.r.p.AbstractSampleConsumer: class org.apache.jmeter.report.processor.FilterConsumer#stopProducing(): dateRangeFilter produced 2400 samples
2020-04-07 00:18:39,898 INFO o.a.j.r.p.AbstractSampleConsumer: class org.apache.jmeter.report.processor.NormalizerSampleConsumer#stopProducing(): normalizer produced 800 samples
2020-04-07 00:18:39,898 INFO o.a.j.r.p.CsvFileSampleSource: produce(): 800 samples produced in 284ms on channel 0
2020-04-07 00:18:39,898 INFO o.a.j.r.d.ReportGenerator: Exporting data using exporter:'json' of className:'org.apache.jmeter.report.dashboard.JsonExporter'
2020-04-07 00:18:39,900 INFO o.a.j.r.d.JsonExporter: Found data for consumer statisticsSummary in context
2020-04-07 00:18:39,901 INFO o.a.j.r.d.JsonExporter: Creating statistics for overall
2020-04-07 00:18:39,901 INFO o.a.j.r.d.JsonExporter: Creating statistics for other transactions
2020-04-07 00:18:39,901 INFO o.a.j.r.d.JsonExporter: Checking output folder
2020-04-07 00:18:39,902 INFO o.a.j.r.d.JsonExporter: Writing statistics JSON to C:\Scripts_JMeter\Curso\nossaDash2\statistics.json
2020-04-07 00:18:40,163 INFO o.a.j.r.d.ReportGenerator: Exporting data using exporter:'html' of className:'org.apache.jmeter.report.dashboard.HtmlTemplateExporter'
2020-04-07 00:18:40,166 INFO o.a.j.r.d.HtmlTemplateExporter: Will generate dashboard in folder: C:\Scripts_JMeter\Curso\nossaDash2
2020-04-07 00:18:40,282 INFO o.a.j.r.d.HtmlTemplateExporter: Report will be generated in: C:\Scripts_JMeter\Curso\nossaDash2, creating folder structure
2020-04-07 00:18:40,286 INFO o.a.j.r.d.TemplateVisitor: Copying folder from 'C:\jmeter\bin\report-template' to 'C:\Scripts_JMeter\Curso\nossaDash2', got message: C:\Scripts_JMeter\Curso\nossaDash2, found non empty folder with following content [C:\Scripts_JMeter\Curso\nossaDash2\statistics.json], will be ignored
2020-04-07 00:18:40,696 INFO o.a.j.JMeter: Dashboard generated
